<?xml version="1.0" encoding="UTF-8"?>
<!-- Generated by org.testng.reporters.JUnitReportReporter -->
<testsuite hostname="localhost.localdomain" name="com.tarsusdata.mongo.TestNgReport" tests="12" failures="0" timestamp="11 Oct 2014 17:10:13 GMT" time="34.929" errors="0">
  <testcase name="testFilters" time="0.048" classname="com.tarsusdata.mongo.TestNgReport"/>
  <testcase name="testAggregateGroup" time="0.077" classname="com.tarsusdata.mongo.TestNgReport"/>
  <testcase name="testDelete1" time="0.013" classname="com.tarsusdata.mongo.TestNgReport"/>
  <testcase name="testSanity" time="0.006" classname="com.tarsusdata.mongo.TestNgReport"/>
  <testcase name="testProjection" time="0.033" classname="com.tarsusdata.mongo.TestNgReport"/>
  <testcase name="testList" time="0.039" classname="com.tarsusdata.mongo.TestNgReport"/>
  <testcase name="testRead1" time="0.065" classname="com.tarsusdata.mongo.TestNgReport"/>
  <testcase name="testUpdate" time="0.047" classname="com.tarsusdata.mongo.TestNgReport"/>
  <testcase name="testListAll" time="0.017" classname="com.tarsusdata.mongo.TestNgReport"/>
  <testcase name="testBulkUpdate" time="34.381" classname="com.tarsusdata.mongo.TestNgReport"/>
  <testcase name="testCreate1" time="0.166" classname="com.tarsusdata.mongo.TestNgReport"/>
  <testcase name="testDelete2" time="0.037" classname="com.tarsusdata.mongo.TestNgReport"/>
</testsuite> <!-- com.tarsusdata.mongo.TestNgReport -->
